<?xml version="1.0" encoding="UTF-8" ?>
<testsuite failures="0" time="0.42" errors="0" skipped="0" tests="4" name="eep.sippr.eepj.service.CourseCategoryServiceTest">
  <properties>
    <property name="idea.version" value="2016.3.3"/>
    <property name="java.runtime.name" value="Java(TM) SE Runtime Environment"/>
    <property name="sun.boot.library.path" value="D:\Tools\Java\jdk1.7.0_45\jre\bin"/>
    <property name="java.vm.version" value="24.45-b08"/>
    <property name="java.vm.vendor" value="Oracle Corporation"/>
    <property name="maven.multiModuleProjectDirectory" value="D:\wk_srs\sample-pro"/>
    <property name="java.vendor.url" value="http://java.oracle.com/"/>
    <property name="path.separator" value=";"/>
    <property name="guice.disable.misplaced.annotation.check" value="true"/>
    <property name="java.vm.name" value="Java HotSpot(TM) 64-Bit Server VM"/>
    <property name="file.encoding.pkg" value="sun.io"/>
    <property name="idea.launcher.port" value="7533"/>
    <property name="user.script" value=""/>
    <property name="user.country" value="CN"/>
    <property name="sun.java.launcher" value="SUN_STANDARD"/>
    <property name="sun.os.patch.level" value=""/>
    <property name="java.vm.specification.name" value="Java Virtual Machine Specification"/>
    <property name="user.dir" value="D:\wk_srs\sample-pro"/>
    <property name="java.runtime.version" value="1.7.0_45-b18"/>
    <property name="java.awt.graphicsenv" value="sun.awt.Win32GraphicsEnvironment"/>
    <property name="java.endorsed.dirs" value="D:\Tools\Java\jdk1.7.0_45\jre\lib\endorsed"/>
    <property name="os.arch" value="amd64"/>
    <property name="java.io.tmpdir" value="C:\Users\YJG\AppData\Local\Temp\"/>
    <property name="line.separator" value="
"/>
    <property name="java.vm.specification.vendor" value="Oracle Corporation"/>
    <property name="user.variant" value=""/>
    <property name="os.name" value="Windows 8"/>
    <property name="classworlds.conf" value="D:\Tools\apache-maven-3.5.2\bin\m2.conf"/>
    <property name="sun.jnu.encoding" value="GBK"/>
    <property name="java.library.path" value="D:\Tools\Java\jdk1.7.0_45\bin;C:\Windows\Sun\Java\bin;C:\Windows\system32;C:\Windows;D:\Tools\Python34\;D:\Tools\Python34\Scripts;C:\Windows\system32;C:\Windows;C:\Windows\System32\Wbem;C:\Windows\System32\WindowsPowerShell\v1.0\;D:\Tools\Java\jdk1.8.0_151\bin;D:\Tools\apache-ant-1.8.4\bin;D:\Tools\TortoiseSVN\bin;D:\Tools\nodejs\;D:\Tools\apache-maven-3.5.2\bin;C:\Users\YJG\AppData\Roaming\npm;."/>
    <property name="maven.conf" value="D:\Tools\apache-maven-3.5.2/conf"/>
    <property name="java.specification.name" value="Java Platform API Specification"/>
    <property name="java.class.version" value="51.0"/>
    <property name="sun.management.compiler" value="HotSpot 64-Bit Tiered Compilers"/>
    <property name="os.version" value="6.2"/>
    <property name="user.home" value="C:\Users\YJG"/>
    <property name="user.timezone" value="Asia/Shanghai"/>
    <property name="java.awt.printerjob" value="sun.awt.windows.WPrinterJob"/>
    <property name="java.specification.version" value="1.7"/>
    <property name="idea.launcher.bin.path" value="D:\Tools\JetBrains\IntelliJ IDEA 2016.3.3\bin"/>
    <property name="file.encoding" value="UTF-8"/>
    <property name="user.name" value="YJG"/>
    <property name="java.class.path" value="D:\Tools\apache-maven-3.5.2\boot\plexus-classworlds-2.5.2.jar;D:\Tools\JetBrains\IntelliJ IDEA 2016.3.3\lib\idea_rt.jar"/>
    <property name="java.vm.specification.version" value="1.7"/>
    <property name="sun.arch.data.model" value="64"/>
    <property name="java.home" value="D:\Tools\Java\jdk1.7.0_45\jre"/>
    <property name="sun.java.command" value="com.intellij.rt.execution.application.AppMain org.codehaus.classworlds.Launcher -Didea.version=2016.3.3 install"/>
    <property name="java.specification.vendor" value="Oracle Corporation"/>
    <property name="user.language" value="zh"/>
    <property name="awt.toolkit" value="sun.awt.windows.WToolkit"/>
    <property name="java.vm.info" value="mixed mode"/>
    <property name="java.version" value="1.7.0_45"/>
    <property name="java.ext.dirs" value="D:\Tools\Java\jdk1.7.0_45\jre\lib\ext;C:\Windows\Sun\Java\lib\ext"/>
    <property name="sun.boot.class.path" value="D:\Tools\Java\jdk1.7.0_45\jre\lib\resources.jar;D:\Tools\Java\jdk1.7.0_45\jre\lib\rt.jar;D:\Tools\Java\jdk1.7.0_45\jre\lib\sunrsasign.jar;D:\Tools\Java\jdk1.7.0_45\jre\lib\jsse.jar;D:\Tools\Java\jdk1.7.0_45\jre\lib\jce.jar;D:\Tools\Java\jdk1.7.0_45\jre\lib\charsets.jar;D:\Tools\Java\jdk1.7.0_45\jre\lib\jfr.jar;D:\Tools\Java\jdk1.7.0_45\jre\classes"/>
    <property name="java.vendor" value="Oracle Corporation"/>
    <property name="maven.home" value="D:\Tools\apache-maven-3.5.2"/>
    <property name="file.separator" value="\"/>
    <property name="java.vendor.url.bug" value="http://bugreport.sun.com/bugreport/"/>
    <property name="sun.cpu.endian" value="little"/>
    <property name="sun.io.unicode.encoding" value="UnicodeLittle"/>
    <property name="sun.desktop" value="windows"/>
    <property name="sun.cpu.isalist" value="amd64"/>
  </properties>
  <testcase time="0.007" classname="eep.sippr.eepj.service.CourseCategoryServiceTest" name="testDeleteByPrimaryKey"/>
  <testcase time="0.003" classname="eep.sippr.eepj.service.CourseCategoryServiceTest" name="testUpdateByPrimaryKey"/>
  <testcase time="0.36" classname="eep.sippr.eepj.service.CourseCategoryServiceTest" name="testInsert"/>
  <testcase time="0.05" classname="eep.sippr.eepj.service.CourseCategoryServiceTest" name="testQueryByPage"/>
</testsuite>